<?xml version="1.0" encoding="UTF-8"?>
<testng-results skipped="0" failed="0" ignored="0" total="1" passed="1">
  <reporter-output>
  </reporter-output>
  <suite name="Default suite" duration-ms="36210" started-at="2020-06-25T23:59:16 IST" finished-at="2020-06-25T23:59:53 IST">
    <groups>
    </groups>
    <test name="Default test" duration-ms="36210" started-at="2020-06-25T23:59:16 IST" finished-at="2020-06-25T23:59:53 IST">
      <class name="com.actitime.testscript.CustomerTest">
        <test-method status="PASS" signature="openBrowser()[pri:0, instance:com.actitime.testscript.CustomerTest@30b8a058]" name="openBrowser" is-config="true" duration-ms="4120" started-at="2020-06-25T23:59:16 IST" finished-at="2020-06-25T23:59:21 IST">
          <reporter-output>
          </reporter-output>
        </test-method> <!-- openBrowser -->
        <test-method status="PASS" signature="loginApp()[pri:0, instance:com.actitime.testscript.CustomerTest@30b8a058]" name="loginApp" is-config="true" duration-ms="12161" started-at="2020-06-25T23:59:21 IST" finished-at="2020-06-25T23:59:33 IST">
          <reporter-output>
          </reporter-output>
        </test-method> <!-- loginApp -->
        <test-method status="PASS" signature="testCreateCustomer()[pri:0, instance:com.actitime.testscript.CustomerTest@30b8a058]" name="testCreateCustomer" duration-ms="14502" started-at="2020-06-25T23:59:33 IST" finished-at="2020-06-25T23:59:47 IST">
          <reporter-output>
          </reporter-output>
        </test-method> <!-- testCreateCustomer -->
        <test-method status="PASS" signature="logoutApp()[pri:0, instance:com.actitime.testscript.CustomerTest@30b8a058]" name="logoutApp" is-config="true" duration-ms="5364" started-at="2020-06-25T23:59:47 IST" finished-at="2020-06-25T23:59:53 IST">
          <reporter-output>
          </reporter-output>
        </test-method> <!-- logoutApp -->
        <test-method status="PASS" signature="closeBrowser()[pri:0, instance:com.actitime.testscript.CustomerTest@30b8a058]" name="closeBrowser" is-config="true" duration-ms="0" started-at="2020-06-25T23:59:53 IST" finished-at="2020-06-25T23:59:53 IST">
          <reporter-output>
          </reporter-output>
        </test-method> <!-- closeBrowser -->
      </class> <!-- com.actitime.testscript.CustomerTest -->
    </test> <!-- Default test -->
  </suite> <!-- Default suite -->
</testng-results>
