<?xml version="1.0" encoding="UTF-8"?>
<testng-results skipped="0" failed="0" ignored="0" total="1" passed="1">
  <reporter-output>
  </reporter-output>
  <suite name="Default suite" duration-ms="39250" started-at="2020-07-03T09:13:51 IST" finished-at="2020-07-03T09:14:30 IST">
    <groups>
    </groups>
    <test name="Default test" duration-ms="39250" started-at="2020-07-03T09:13:51 IST" finished-at="2020-07-03T09:14:30 IST">
      <class name="com.actitime.testscript.CustomerTest">
        <test-method status="PASS" signature="openBrowser()[pri:0, instance:com.actitime.testscript.CustomerTest@1f7030a6]" name="openBrowser" is-config="true" duration-ms="6438" started-at="2020-07-03T09:13:51 IST" finished-at="2020-07-03T09:13:57 IST">
          <reporter-output>
          </reporter-output>
        </test-method> <!-- openBrowser -->
        <test-method status="PASS" signature="loginApp()[pri:0, instance:com.actitime.testscript.CustomerTest@1f7030a6]" name="loginApp" is-config="true" duration-ms="9275" started-at="2020-07-03T09:13:57 IST" finished-at="2020-07-03T09:14:07 IST">
          <reporter-output>
          </reporter-output>
        </test-method> <!-- loginApp -->
        <test-method status="PASS" signature="testCreateCustomer()[pri:0, instance:com.actitime.testscript.CustomerTest@1f7030a6]" name="testCreateCustomer" duration-ms="17363" started-at="2020-07-03T09:14:07 IST" finished-at="2020-07-03T09:14:24 IST">
          <reporter-output>
          </reporter-output>
        </test-method> <!-- testCreateCustomer -->
        <test-method status="PASS" signature="logoutApp()[pri:0, instance:com.actitime.testscript.CustomerTest@1f7030a6]" name="logoutApp" is-config="true" duration-ms="5819" started-at="2020-07-03T09:14:24 IST" finished-at="2020-07-03T09:14:30 IST">
          <reporter-output>
          </reporter-output>
        </test-method> <!-- logoutApp -->
        <test-method status="PASS" signature="closeBrowser()[pri:0, instance:com.actitime.testscript.CustomerTest@1f7030a6]" name="closeBrowser" is-config="true" duration-ms="259" started-at="2020-07-03T09:14:30 IST" finished-at="2020-07-03T09:14:30 IST">
          <reporter-output>
          </reporter-output>
        </test-method> <!-- closeBrowser -->
      </class> <!-- com.actitime.testscript.CustomerTest -->
    </test> <!-- Default test -->
  </suite> <!-- Default suite -->
</testng-results>
